<?xml version="1.0" encoding="UTF-8"?>
<testng-results ignored="0" total="1" passed="1" failed="0" skipped="0">
  <reporter-output>
  </reporter-output>
  <suite started-at="2023-11-03T19:56:32 BOT" name="Surefire suite" finished-at="2023-11-03T19:56:32 BOT" duration-ms="43">
    <groups>
    </groups>
    <test started-at="2023-11-03T19:56:32 BOT" name="Surefire test" finished-at="2023-11-03T19:56:32 BOT" duration-ms="43">
      <class name="test.NewTest">
        <test-method signature="f()[pri:0, instance:test.NewTest@2133814f]" started-at="2023-11-03T19:56:32 BOT" name="f" finished-at="2023-11-03T19:56:32 BOT" duration-ms="5" status="PASS">
          <reporter-output>
          </reporter-output>
        </test-method> <!-- f -->
      </class> <!-- test.NewTest -->
    </test> <!-- Surefire test -->
  </suite> <!-- Surefire suite -->
</testng-results>
